<?xml version="1.0" encoding="UTF-8"?>
<!-- Generated by org.testng.reporters.JUnitReportReporter -->
<testsuite hostname="NAGESH-PC" name="hms_testNG.HMSPR_testNG" tests="3" failures="0" timestamp="1 Mar 2018 03:10:38 GMT" time="9.491" errors="0">
  <testcase name="test01" time="7.139" classname="hms_testNG.HMSPR_testNG"/>
  <testcase name="test02" time="1.250" classname="hms_testNG.HMSPR_testNG"/>
  <testcase name="test03" time="1.102" classname="hms_testNG.HMSPR_testNG"/>
</testsuite> <!-- hms_testNG.HMSPR_testNG -->
