<?xml version="1.0" encoding="UTF-8"?>
<!-- Generated by org.testng.reporters.JUnitReportReporter -->
<testsuite hostname="NAGESH-PC" name="androidDriverPackage.WhatsApp_Advanced" tests="1" failures="0" timestamp="20 Feb 2018 02:44:44 GMT" time="13.494" errors="0">
  <testcase name="f" time="13.494" classname="androidDriverPackage.WhatsApp_Advanced"/>
</testsuite> <!-- androidDriverPackage.WhatsApp_Advanced -->
