<?xml version="1.0" encoding="UTF-8"?>
<!-- Generated by org.testng.reporters.JUnitReportReporter -->
<testsuite hostname="NAGESH-PC" name="androidDriverPackage.WebAutomation_Gmail" tests="1" failures="0" timestamp="22 Feb 2018 03:13:51 GMT" time="17.371" errors="0">
  <testcase name="f" time="17.371" classname="androidDriverPackage.WebAutomation_Gmail"/>
</testsuite> <!-- androidDriverPackage.WebAutomation_Gmail -->
