<?xml version="1.0" encoding="UTF-8"?>
<!-- Generated by org.testng.reporters.JUnitReportReporter -->
<testsuite hostname="NAGESH-PC" name="androidDriverPackage.Triangle" tests="1" failures="0" timestamp="21 Feb 2018 03:35:35 GMT" time="0.011" errors="0">
  <testcase name="f" time="0.011" classname="androidDriverPackage.Triangle"/>
</testsuite> <!-- androidDriverPackage.Triangle -->
