<?xml version="1.0" encoding="UTF-8"?>
<!-- Generated by org.testng.reporters.JUnitReportReporter -->
<testsuite hostname="NAGESH-PC" name="files.HMSPR_Excel_TD" tests="1" failures="0" timestamp="1 Mar 2018 02:52:52 GMT" time="0.742" errors="0">
  <testcase name="f" time="0.742" classname="files.HMSPR_Excel_TD"/>
</testsuite> <!-- files.HMSPR_Excel_TD -->
