<?xml version="1.0" encoding="UTF-8"?>
<!-- Generated by org.testng.reporters.JUnitReportReporter -->
<testsuite hostname="NAGESH-PC" name="files.LoginRetesting_Results" tests="1" failures="0" timestamp="1 Mar 2018 02:39:29 GMT" time="40.842" errors="0">
  <testcase name="f" time="40.842" classname="files.LoginRetesting_Results"/>
</testsuite> <!-- files.LoginRetesting_Results -->
