<?xml version="1.0" encoding="UTF-8"?>
<!-- Generated by org.testng.reporters.JUnitReportReporter -->
<testsuite hostname="NAGESH-PC" name="files.LoginRetesting" tests="1" failures="0" timestamp="28 Feb 2018 02:46:21 GMT" time="25.348" errors="0">
  <testcase name="f" time="25.348" classname="files.LoginRetesting"/>
</testsuite> <!-- files.LoginRetesting -->
