<?xml version="1.0" encoding="UTF-8"?>
<!-- Generated by org.testng.reporters.JUnitReportReporter -->
<testsuite hostname="NAGESH-PC" name="spicejet_TestNG.Log4JDemo" tests="1" failures="0" timestamp="7 Mar 2018 03:09:25 GMT" time="0.015" errors="0">
  <testcase name="f" time="0.015" classname="spicejet_TestNG.Log4JDemo"/>
</testsuite> <!-- spicejet_TestNG.Log4JDemo -->
