<?xml version="1.0" encoding="UTF-8"?>
<!-- Generated by org.testng.reporters.JUnitReportReporter -->
<testsuite hostname="NAGESH-PC" name="appiumBasics.Spicejet_OnewaySearch" tests="1" failures="0" timestamp="19 Feb 2018 03:12:03 GMT" time="29.979" errors="0">
  <testcase name="f" time="29.979" classname="appiumBasics.Spicejet_OnewaySearch"/>
</testsuite> <!-- appiumBasics.Spicejet_OnewaySearch -->
