<?xml version="1.0" encoding="UTF-8"?>
<!-- Generated by org.testng.reporters.JUnitReportReporter -->
<testsuite hostname="NAGESH-PC" name="androidDriverPackage.HomeIcon_PrintAllApss" tests="1" failures="0" timestamp="23 Feb 2018 02:59:59 GMT" time="16.639" errors="0">
  <testcase name="f" time="16.639" classname="androidDriverPackage.HomeIcon_PrintAllApss"/>
</testsuite> <!-- androidDriverPackage.HomeIcon_PrintAllApss -->
