<?xml version="1.0" encoding="UTF-8"?>
<!-- Generated by org.testng.reporters.JUnitReportReporter -->
<testsuite hostname="NAGESH-PC" name="com.testScripts.TEstScript" tests="1" failures="0" timestamp="4 Mar 2018 07:25:47 GMT" time="17.251" errors="0">
  <testcase name="f" time="17.251" classname="com.testScripts.TEstScript"/>
</testsuite> <!-- com.testScripts.TEstScript -->
