<?xml version="1.0" encoding="UTF-8"?>
<!-- Generated by org.testng.reporters.JUnitReportReporter -->
<testsuite hostname="NAGESH-PC" name="androidDriverPackage.TouchAction_Mobile" tests="1" failures="0" timestamp="22 Feb 2018 03:26:52 GMT" time="5.321" errors="0">
  <testcase name="f" time="5.321" classname="androidDriverPackage.TouchAction_Mobile"/>
</testsuite> <!-- androidDriverPackage.TouchAction_Mobile -->
