<?xml version="1.0" encoding="UTF-8"?>
<!-- Generated by org.testng.reporters.JUnitReportReporter -->
<testsuite hostname="NAGESH-PC" name="androidDriverPackage.TouchActions_DragDrop" tests="1" failures="0" timestamp="23 Feb 2018 02:40:10 GMT" time="3.232" errors="0">
  <testcase name="f" time="3.232" classname="androidDriverPackage.TouchActions_DragDrop"/>
</testsuite> <!-- androidDriverPackage.TouchActions_DragDrop -->
