<?xml version="1.0" encoding="UTF-8"?>
<!-- Generated by org.testng.reporters.JUnitReportReporter -->
<testsuite skipped="0" hostname="PG019T3T" name="com.testScripts.CR59124" tests="1" failures="0" timestamp="28 Sep 2018 15:21:19 GMT" time="34.642" errors="0">
  <testcase name="f" time="34.642" classname="com.testScripts.CR59124"/>
</testsuite> <!-- com.testScripts.CR59124 -->
