<?xml version="1.0" encoding="UTF-8"?>
<!-- Generated by org.testng.reporters.JUnitReportReporter -->
<testsuite hostname="NAGESH-PC" name="spicejet_TestNG.PrintDropdown_Values" tests="1" failures="0" timestamp="23 Feb 2018 03:23:38 GMT" time="0.478" errors="0">
  <testcase name="f" time="0.478" classname="spicejet_TestNG.PrintDropdown_Values"/>
</testsuite> <!-- spicejet_TestNG.PrintDropdown_Values -->
