<?xml version="1.0" encoding="UTF-8"?>
<!-- Generated by org.testng.reporters.JUnitReportReporter -->
<testsuite hostname="NAGESH-PC" name="com.testScripts.HmsSearch_Test" tests="1" failures="0" timestamp="5 Mar 2018 03:36:59 GMT" time="25.326" errors="0">
  <testcase name="f" time="25.326" classname="com.testScripts.HmsSearch_Test"/>
</testsuite> <!-- com.testScripts.HmsSearch_Test -->
