<?xml version="1.0" encoding="UTF-8"?>
<!-- Generated by org.testng.reporters.JUnitReportReporter -->
<testsuite hostname="NAGESH-PC" name="files.CreateTXT_ReadData_TXT" tests="1" failures="0" timestamp="27 Feb 2018 02:44:42 GMT" time="0.015" errors="0">
  <testcase name="readDataTXT" time="0.015" classname="files.CreateTXT_ReadData_TXT"/>
</testsuite> <!-- files.CreateTXT_ReadData_TXT -->
