<?xml version="1.0" encoding="UTF-8"?>
<!-- Generated by org.testng.reporters.JUnitReportReporter -->
<testsuite hostname="NAGESH-PC" name="appiumBasics.WhatsAppMsg" tests="1" failures="0" timestamp="16 Feb 2018 03:43:25 GMT" time="19.432" errors="0">
  <testcase name="f" time="19.432" classname="appiumBasics.WhatsAppMsg"/>
</testsuite> <!-- appiumBasics.WhatsAppMsg -->
