<?xml version="1.0" encoding="UTF-8"?>
<!-- Generated by org.testng.reporters.JUnitReportReporter -->
<testsuite hostname="NAGESH-PC" name="com.testScripts.HMSScript2" tests="1" failures="0" timestamp="7 Mar 2018 03:33:07 GMT" time="9.224" errors="0">
  <testcase name="f" time="9.224" classname="com.testScripts.HMSScript2"/>
</testsuite> <!-- com.testScripts.HMSScript2 -->
