<?xml version="1.0" encoding="UTF-8"?>
<!-- Generated by org.testng.reporters.JUnitReportReporter -->
<testsuite hostname="NAGESH-PC" name="spicejet_TestNG.GTFAQs_Inheritance" tests="2" failures="0" timestamp="2 Mar 2018 02:41:03 GMT" time="10.802" errors="0">
  <testcase name="f" time="8.542" classname="spicejet_TestNG.GTFAQs_Inheritance"/>
  <testcase name="gTFAQs" time="2.260" classname="spicejet_TestNG.GTFAQs_Inheritance"/>
</testsuite> <!-- spicejet_TestNG.GTFAQs_Inheritance -->
