<?xml version="1.0" encoding="UTF-8"?>
<!-- Generated by org.testng.reporters.JUnitReportReporter -->
<testsuite hostname="NAGESH-PC" name="files.CreateHTMLFile_InputData" tests="1" failures="0" timestamp="28 Feb 2018 03:34:31 GMT" time="0.674" errors="0">
  <testcase name="f" time="0.674" classname="files.CreateHTMLFile_InputData"/>
</testsuite> <!-- files.CreateHTMLFile_InputData -->
