<?xml version="1.0" encoding="UTF-8"?>
<!-- Generated by org.testng.reporters.JUnitReportReporter -->
<testsuite hostname="NAGESH-PC" name="androidDriverPackage.WebAutomation" tests="1" failures="0" timestamp="22 Feb 2018 02:54:20 GMT" time="37.876" errors="0">
  <testcase name="f" time="37.876" classname="androidDriverPackage.WebAutomation"/>
</testsuite> <!-- androidDriverPackage.WebAutomation -->
