<?xml version="1.0" encoding="UTF-8"?>
<!-- Generated by org.testng.reporters.JUnitReportReporter -->
<testsuite hostname="NAGESH-PC" name="com.testScripts.Spicejet_Scenario1" tests="1" failures="0" timestamp="7 Mar 2018 03:10:51 GMT" time="13.428" errors="0">
  <testcase name="f" time="13.428" classname="com.testScripts.Spicejet_Scenario1"/>
</testsuite> <!-- com.testScripts.Spicejet_Scenario1 -->
