<?xml version="1.0" encoding="UTF-8"?>
<!-- Generated by org.testng.reporters.JUnitReportReporter -->
<testsuite hostname="NAGESH-PC" name="spicejet_TestNG.AjaxControl" tests="1" failures="0" timestamp="1 Mar 2018 03:10:38 GMT" time="1.725" errors="0">
  <testcase name="f" time="1.725" classname="spicejet_TestNG.AjaxControl"/>
</testsuite> <!-- spicejet_TestNG.AjaxControl -->
