<?xml version="1.0" encoding="UTF-8"?>
<!-- Generated by org.testng.reporters.JUnitReportReporter -->
<testsuite hostname="NAGESH-PC" name="spicejet_TestNG.ValidateDefaultValue_Dropdown" tests="1" failures="0" timestamp="23 Feb 2018 03:29:43 GMT" time="0.216" errors="0">
  <testcase name="f" time="0.216" classname="spicejet_TestNG.ValidateDefaultValue_Dropdown"/>
</testsuite> <!-- spicejet_TestNG.ValidateDefaultValue_Dropdown -->
