<?xml version="1.0" encoding="UTF-8"?>
<!-- Generated by org.testng.reporters.JUnitReportReporter -->
<testsuite hostname="NAGESH-PC" name="androidDriverPackage.HomeIcon" tests="1" failures="0" timestamp="21 Feb 2018 03:26:18 GMT" time="24.973" errors="0">
  <testcase name="f" time="24.973" classname="androidDriverPackage.HomeIcon"/>
</testsuite> <!-- androidDriverPackage.HomeIcon -->
