<?xml version="1.0" encoding="UTF-8"?>
<!-- Generated by org.testng.reporters.JUnitReportReporter -->
<testsuite hostname="NAGESH-PC" name="androidDriverPackage.WhatsApp_Advanced2" tests="1" failures="0" timestamp="20 Feb 2018 03:02:21 GMT" time="7.814" errors="0">
  <testcase name="f" time="7.814" classname="androidDriverPackage.WhatsApp_Advanced2"/>
</testsuite> <!-- androidDriverPackage.WhatsApp_Advanced2 -->
