<?xml version="1.0" encoding="UTF-8"?>
<!-- Generated by org.testng.reporters.JUnitReportReporter -->
<testsuite hostname="NAGESH-PC" name="files.ExcelReading" tests="1" failures="0" timestamp="27 Feb 2018 03:28:09 GMT" time="0.268" errors="0">
  <testcase name="readExcel_ALL" time="0.268" classname="files.ExcelReading"/>
</testsuite> <!-- files.ExcelReading -->
