<?xml version="1.0" encoding="UTF-8"?>
<!-- Generated by org.testng.reporters.JUnitReportReporter -->
<testsuite hostname="NAGESH-PC" name="pom.TestScript1" tests="1" failures="0" timestamp="3 Mar 2018 06:46:27 GMT" time="10.814" errors="0">
  <testcase name="f" time="10.814" classname="pom.TestScript1"/>
</testsuite> <!-- pom.TestScript1 -->
