<?xml version="1.0" encoding="UTF-8"?>
<!-- Generated by org.testng.reporters.JUnitReportReporter -->
<testsuite hostname="NAGESH-PC" name="spicejet_TestNG.GoogleLinks" tests="1" failures="0" timestamp="2 Mar 2018 03:16:57 GMT" time="3.660" errors="0">
  <testcase name="test1" time="3.660" classname="spicejet_TestNG.GoogleLinks"/>
</testsuite> <!-- spicejet_TestNG.GoogleLinks -->
