<?xml version="1.0" encoding="UTF-8"?>
<!-- Generated by org.testng.reporters.JUnitReportReporter -->
<testsuite hostname="NAGESH-PC" name="spicejet_TestNG.Actions_WebDriver" tests="1" failures="0" timestamp="26 Feb 2018 03:39:18 GMT" time="23.155" errors="0">
  <testcase name="f" time="23.155" classname="spicejet_TestNG.Actions_WebDriver"/>
</testsuite> <!-- spicejet_TestNG.Actions_WebDriver -->
