<?xml version="1.0" encoding="UTF-8"?>
<!-- Generated by org.testng.reporters.JUnitReportReporter -->
<testsuite hostname="NAGESH-PC" name="appiumBasics.LaunchWhatsApp" tests="1" failures="0" timestamp="16 Feb 2018 03:08:38 GMT" time="9.891" errors="0">
  <testcase name="f" time="9.891" classname="appiumBasics.LaunchWhatsApp"/>
</testsuite> <!-- appiumBasics.LaunchWhatsApp -->
